<?xml version="1.0" encoding="UTF-8"?>
<!-- Generated by org.testng.reporters.JUnitReportReporter -->
<testsuite hostname="Pallavi-Sadhus-MacBook-Air.local" failures="0" tests="2" name="tests.HomePgeTest" time="3.982" errors="0" timestamp="2023-01-07T19:36:07 CST" skipped="0">
  <testcase classname="tests.HomePgeTest" name="verifyNewsLinksTest" time="2.668"/>
  <system-out/>
  <testcase classname="tests.HomePgeTest" name="verifyAllLinksTest" time="1.314"/>
  <system-out/>
</testsuite> <!-- tests.HomePgeTest -->
